# JRE version: OpenJDK Runtime Environment Temurin-17.0.8.1+1 (17.0.8.1+1) (build 17.0.8.1+1)
# Java VM: OpenJDK 64-Bit Server VM Temurin-17.0.8.1+1 (17.0.8.1+1, mixed mode, tiered, compressed oops, compressed class ptrs, parallel gc, windows-amd64)
GC Precious Log:
 CPUs: 8 total, 8 available
 Memory: 7990M
 Large Page Support: Disabled
 NUMA Support: Disabled
 Compressed Oops: Enabled (32-bit)
 Alignments: Space 512K, Generation 512K, Heap 2M
 Heap Min Capacity: 100M
 Heap Initial Capacity: 100M
 Heap Max Capacity: 1G
 Pre-touch: Disabled
 Parallel Workers: 8
Heap:
 PSYoungGen      total 15872K, used 9674K [0x00000000eab00000, 0x00000000ebd80000, 0x0000000100000000)
  eden space 14848K, 60% used [0x00000000eab00000,0x00000000eb3d2bf8,0x00000000eb980000)
  from space 1024K, 62% used [0x00000000ebb80000,0x00000000ebc20000,0x00000000ebc80000)
  to   space 1024K, 0% used [0x00000000ebc80000,0x00000000ebc80000,0x00000000ebd80000)
 ParOldGen       total 68608K, used 45519K [0x00000000c0000000, 0x00000000c4300000, 0x00000000eab00000)
  object space 68608K, 66% used [0x00000000c0000000,0x00000000c2c73f78,0x00000000c4300000)
 Metaspace       used 61532K, committed 62656K, reserved 1114112K
  class space    used 7117K, committed 7616K, reserved 1048576K
GC Heap History (20 events):
Event: 7.211 GC heap before
{Heap before GC invocations=25 (full 2):
 PSYoungGen      total 22016K, used 21437K [0x00000000eab00000, 0x00000000ec380000, 0x0000000100000000)
  eden space 19456K, 99% used [0x00000000eab00000,0x00000000ebde77e8,0x00000000ebe00000)
  from space 2560K, 81% used [0x00000000ec100000,0x00000000ec308010,0x00000000ec380000)
  to   space 2560K, 0% used [0x00000000ebe80000,0x00000000ebe80000,0x00000000ec100000)
 ParOldGen       total 68608K, used 29582K [0x00000000c0000000, 0x00000000c4300000, 0x00000000eab00000)
  object space 68608K, 43% used [0x00000000c0000000,0x00000000c1ce3888,0x00000000c4300000)
 Metaspace       used 52623K, committed 53696K, reserved 1114112K
  class space    used 5690K, committed 6208K, reserved 1048576K
}
Event: 7.216 GC heap after
{Heap after GC invocations=25 (full 2):
 PSYoungGen      total 22016K, used 2400K [0x00000000eab00000, 0x00000000ec300000, 0x0000000100000000)
  eden space 19456K, 0% used [0x00000000eab00000,0x00000000eab00000,0x00000000ebe00000)
  from space 2560K, 93% used [0x00000000ebe80000,0x00000000ec0d8050,0x00000000ec100000)
  to   space 2048K, 0% used [0x00000000ec100000,0x00000000ec100000,0x00000000ec300000)
 ParOldGen       total 68608K, used 31558K [0x00000000c0000000, 0x00000000c4300000, 0x00000000eab00000)
  object space 68608K, 45% used [0x00000000c0000000,0x00000000c1ed1898,0x00000000c4300000)
 Metaspace       used 52623K, committed 53696K, reserved 1114112K
  class space    used 5690K, committed 6208K, reserved 1048576K
}
Event: 7.708 GC heap before
{Heap before GC invocations=26 (full 2):
 PSYoungGen      total 22016K, used 19471K [0x00000000eab00000, 0x00000000ec300000, 0x0000000100000000)
  eden space 19456K, 87% used [0x00000000eab00000,0x00000000ebbabca0,0x00000000ebe00000)
  from space 2560K, 93% used [0x00000000ebe80000,0x00000000ec0d8050,0x00000000ec100000)
  to   space 2048K, 0% used [0x00000000ec100000,0x00000000ec100000,0x00000000ec300000)
 ParOldGen       total 68608K, used 31558K [0x00000000c0000000, 0x00000000c4300000, 0x00000000eab00000)
  object space 68608K, 45% used [0x00000000c0000000,0x00000000c1ed1898,0x00000000c4300000)
 Metaspace       used 53853K, committed 54912K, reserved 1114112K
  class space    used 5905K, committed 6400K, reserved 1048576K
}
Event: 7.712 GC heap after
{Heap after GC invocations=26 (full 2):
 PSYoungGen      total 18432K, used 2032K [0x00000000eab00000, 0x00000000eca00000, 0x0000000100000000)
  eden space 16384K, 0% used [0x00000000eab00000,0x00000000eab00000,0x00000000ebb00000)
  from space 2048K, 99% used [0x00000000ec100000,0x00000000ec2fc348,0x00000000ec300000)
  to   space 6144K, 0% used [0x00000000ebb00000,0x00000000ebb00000,0x00000000ec100000)
 ParOldGen       total 68608K, used 35080K [0x00000000c0000000, 0x00000000c4300000, 0x00000000eab00000)
  object space 68608K, 51% used [0x00000000c0000000,0x00000000c2242360,0x00000000c4300000)
 Metaspace       used 53853K, committed 54912K, reserved 1114112K
  class space    used 5905K, committed 6400K, reserved 1048576K
}
Event: 8.048 GC heap before
{Heap before GC invocations=27 (full 2):
 PSYoungGen      total 18432K, used 18416K [0x00000000eab00000, 0x00000000eca00000, 0x0000000100000000)
  eden space 16384K, 100% used [0x00000000eab00000,0x00000000ebb00000,0x00000000ebb00000)
  from space 2048K, 99% used [0x00000000ec100000,0x00000000ec2fc348,0x00000000ec300000)
  to   space 6144K, 0% used [0x00000000ebb00000,0x00000000ebb00000,0x00000000ec100000)
 ParOldGen       total 68608K, used 35080K [0x00000000c0000000, 0x00000000c4300000, 0x00000000eab00000)
  object space 68608K, 51% used [0x00000000c0000000,0x00000000c2242360,0x00000000c4300000)
 Metaspace       used 55022K, committed 56000K, reserved 1114112K
  class space    used 6124K, committed 6592K, reserved 1048576K
}
Event: 8.050 GC heap after
{Heap after GC invocations=27 (full 2):
 PSYoungGen      total 21504K, used 4755K [0x00000000eab00000, 0x00000000ec500000, 0x0000000100000000)
  eden space 16384K, 0% used [0x00000000eab00000,0x00000000eab00000,0x00000000ebb00000)
  from space 5120K, 92% used [0x00000000ebb00000,0x00000000ebfa4f58,0x00000000ec000000)
  to   space 5120K, 0% used [0x00000000ec000000,0x00000000ec000000,0x00000000ec500000)
 ParOldGen       total 68608K, used 37112K [0x00000000c0000000, 0x00000000c4300000, 0x00000000eab00000)
  object space 68608K, 54% used [0x00000000c0000000,0x00000000c243e020,0x00000000c4300000)
 Metaspace       used 55022K, committed 56000K, reserved 1114112K
  class space    used 6124K, committed 6592K, reserved 1048576K
}
Event: 8.431 GC heap before
{Heap before GC invocations=28 (full 2):
 PSYoungGen      total 21504K, used 21139K [0x00000000eab00000, 0x00000000ec500000, 0x0000000100000000)
  eden space 16384K, 100% used [0x00000000eab00000,0x00000000ebb00000,0x00000000ebb00000)
  from space 5120K, 92% used [0x00000000ebb00000,0x00000000ebfa4f58,0x00000000ec000000)
  to   space 5120K, 0% used [0x00000000ec000000,0x00000000ec000000,0x00000000ec500000)
 ParOldGen       total 68608K, used 37112K [0x00000000c0000000, 0x00000000c4300000, 0x00000000eab00000)
  object space 68608K, 54% used [0x00000000c0000000,0x00000000c243e020,0x00000000c4300000)
 Metaspace       used 55807K, committed 56832K, reserved 1114112K
  class space    used 6232K, committed 6720K, reserved 1048576K
}
Event: 8.435 GC heap after
{Heap after GC invocations=28 (full 2):
 PSYoungGen      total 17408K, used 608K [0x00000000eab00000, 0x00000000ec100000, 0x0000000100000000)
  eden space 16384K, 0% used [0x00000000eab00000,0x00000000eab00000,0x00000000ebb00000)
  from space 1024K, 59% used [0x00000000ec000000,0x00000000ec098000,0x00000000ec100000)
  to   space 2560K, 0% used [0x00000000ebc00000,0x00000000ebc00000,0x00000000ebe80000)
 ParOldGen       total 68608K, used 41817K [0x00000000c0000000, 0x00000000c4300000, 0x00000000eab00000)
  object space 68608K, 60% used [0x00000000c0000000,0x00000000c28d6510,0x00000000c4300000)
 Metaspace       used 55807K, committed 56832K, reserved 1114112K
  class space    used 6232K, committed 6720K, reserved 1048576K
}
Event: 8.818 GC heap before
{Heap before GC invocations=29 (full 2):
 PSYoungGen      total 17408K, used 16992K [0x00000000eab00000, 0x00000000ec100000, 0x0000000100000000)
  eden space 16384K, 100% used [0x00000000eab00000,0x00000000ebb00000,0x00000000ebb00000)
  from space 1024K, 59% used [0x00000000ec000000,0x00000000ec098000,0x00000000ec100000)
  to   space 2560K, 0% used [0x00000000ebc00000,0x00000000ebc00000,0x00000000ebe80000)
 ParOldGen       total 68608K, used 41817K [0x00000000c0000000, 0x00000000c4300000, 0x00000000eab00000)
  object space 68608K, 60% used [0x00000000c0000000,0x00000000c28d6510,0x00000000c4300000)
 Metaspace       used 55817K, committed 56832K, reserved 1114112K
  class space    used 6232K, committed 6720K, reserved 1048576K
}
Event: 8.820 GC heap after
{Heap after GC invocations=29 (full 2):
 PSYoungGen      total 18944K, used 1735K [0x00000000eab00000, 0x00000000ec080000, 0x0000000100000000)
  eden space 16384K, 0% used [0x00000000eab00000,0x00000000eab00000,0x00000000ebb00000)
  from space 2560K, 67% used [0x00000000ebc00000,0x00000000ebdb1db0,0x00000000ebe80000)
  to   space 2048K, 0% used [0x00000000ebe80000,0x00000000ebe80000,0x00000000ec080000)
 ParOldGen       total 68608K, used 42306K [0x00000000c0000000, 0x00000000c4300000, 0x00000000eab00000)
  object space 68608K, 61% used [0x00000000c0000000,0x00000000c29508c0,0x00000000c4300000)
 Metaspace       used 55817K, committed 56832K, reserved 1114112K
  class space    used 6232K, committed 6720K, reserved 1048576K
}
Event: 9.107 GC heap before
{Heap before GC invocations=30 (full 2):
 PSYoungGen      total 18944K, used 18119K [0x00000000eab00000, 0x00000000ec080000, 0x0000000100000000)
  eden space 16384K, 100% used [0x00000000eab00000,0x00000000ebb00000,0x00000000ebb00000)
  from space 2560K, 67% used [0x00000000ebc00000,0x00000000ebdb1db0,0x00000000ebe80000)
  to   space 2048K, 0% used [0x00000000ebe80000,0x00000000ebe80000,0x00000000ec080000)
 ParOldGen       total 68608K, used 42306K [0x00000000c0000000, 0x00000000c4300000, 0x00000000eab00000)
  object space 68608K, 61% used [0x00000000c0000000,0x00000000c29508c0,0x00000000c4300000)
 Metaspace       used 56318K, committed 57408K, reserved 1114112K
  class space    used 6353K, committed 6848K, reserved 1048576K
}
Event: 9.109 GC heap after
{Heap after GC invocations=30 (full 2):
 PSYoungGen      total 16896K, used 2023K [0x00000000eab00000, 0x00000000ec500000, 0x0000000100000000)
  eden space 14848K, 0% used [0x00000000eab00000,0x00000000eab00000,0x00000000eb980000)
  from space 2048K, 98% used [0x00000000ebe80000,0x00000000ec079e70,0x00000000ec080000)
  to   space 5120K, 0% used [0x00000000eb980000,0x00000000eb980000,0x00000000ebe80000)
 ParOldGen       total 68608K, used 44800K [0x00000000c0000000, 0x00000000c4300000, 0x00000000eab00000)
  object space 68608K, 65% used [0x00000000c0000000,0x00000000c2bc0238,0x00000000c4300000)
 Metaspace       used 56318K, committed 57408K, reserved 1114112K
  class space    used 6353K, committed 6848K, reserved 1048576K
}
Event: 9.403 GC heap before
{Heap before GC invocations=31 (full 2):
 PSYoungGen      total 16896K, used 16871K [0x00000000eab00000, 0x00000000ec500000, 0x0000000100000000)
  eden space 14848K, 100% used [0x00000000eab00000,0x00000000eb980000,0x00000000eb980000)
  from space 2048K, 98% used [0x00000000ebe80000,0x00000000ec079e70,0x00000000ec080000)
  to   space 5120K, 0% used [0x00000000eb980000,0x00000000eb980000,0x00000000ebe80000)
 ParOldGen       total 68608K, used 44800K [0x00000000c0000000, 0x00000000c4300000, 0x00000000eab00000)
  object space 68608K, 65% used [0x00000000c0000000,0x00000000c2bc0238,0x00000000c4300000)
 Metaspace       used 58039K, committed 59136K, reserved 1114112K
  class space    used 6639K, committed 7168K, reserved 1048576K
}
Event: 9.405 GC heap after
{Heap after GC invocations=31 (full 2):
 PSYoungGen      total 15872K, used 592K [0x00000000eab00000, 0x00000000ebf00000, 0x0000000100000000)
  eden space 14848K, 0% used [0x00000000eab00000,0x00000000eab00000,0x00000000eb980000)
  from space 1024K, 57% used [0x00000000eb980000,0x00000000eba14010,0x00000000eba80000)
  to   space 2048K, 0% used [0x00000000ebd00000,0x00000000ebd00000,0x00000000ebf00000)
 ParOldGen       total 68608K, used 46738K [0x00000000c0000000, 0x00000000c4300000, 0x00000000eab00000)
  object space 68608K, 68% used [0x00000000c0000000,0x00000000c2da4970,0x00000000c4300000)
 Metaspace       used 58039K, committed 59136K, reserved 1114112K
  class space    used 6639K, committed 7168K, reserved 1048576K
}
Event: 9.508 GC heap before
{Heap before GC invocations=32 (full 2):
 PSYoungGen      total 15872K, used 7251K [0x00000000eab00000, 0x00000000ebf00000, 0x0000000100000000)
  eden space 14848K, 44% used [0x00000000eab00000,0x00000000eb180e30,0x00000000eb980000)
  from space 1024K, 57% used [0x00000000eb980000,0x00000000eba14010,0x00000000eba80000)
  to   space 2048K, 0% used [0x00000000ebd00000,0x00000000ebd00000,0x00000000ebf00000)
 ParOldGen       total 68608K, used 46738K [0x00000000c0000000, 0x00000000c4300000, 0x00000000eab00000)
  object space 68608K, 68% used [0x00000000c0000000,0x00000000c2da4970,0x00000000c4300000)
 Metaspace       used 58690K, committed 59776K, reserved 1114112K
  class space    used 6754K, committed 7296K, reserved 1048576K
}
Event: 9.509 GC heap after
{Heap after GC invocations=32 (full 2):
 PSYoungGen      total 15360K, used 288K [0x00000000eab00000, 0x00000000ebd80000, 0x0000000100000000)
  eden space 14848K, 0% used [0x00000000eab00000,0x00000000eab00000,0x00000000eb980000)
  from space 512K, 56% used [0x00000000ebd00000,0x00000000ebd48000,0x00000000ebd80000)
  to   space 1024K, 0% used [0x00000000ebb80000,0x00000000ebb80000,0x00000000ebc80000)
 ParOldGen       total 68608K, used 47162K [0x00000000c0000000, 0x00000000c4300000, 0x00000000eab00000)
  object space 68608K, 68% used [0x00000000c0000000,0x00000000c2e0e9b0,0x00000000c4300000)
 Metaspace       used 58690K, committed 59776K, reserved 1114112K
  class space    used 6754K, committed 7296K, reserved 1048576K
}
Event: 9.509 GC heap before
{Heap before GC invocations=33 (full 3):
 PSYoungGen      total 15360K, used 288K [0x00000000eab00000, 0x00000000ebd80000, 0x0000000100000000)
  eden space 14848K, 0% used [0x00000000eab00000,0x00000000eab00000,0x00000000eb980000)
  from space 512K, 56% used [0x00000000ebd00000,0x00000000ebd48000,0x00000000ebd80000)
  to   space 1024K, 0% used [0x00000000ebb80000,0x00000000ebb80000,0x00000000ebc80000)
 ParOldGen       total 68608K, used 47162K [0x00000000c0000000, 0x00000000c4300000, 0x00000000eab00000)
  object space 68608K, 68% used [0x00000000c0000000,0x00000000c2e0e9b0,0x00000000c4300000)
 Metaspace       used 58690K, committed 59776K, reserved 1114112K
  class space    used 6754K, committed 7296K, reserved 1048576K
}
Event: 9.590 GC heap after
{Heap after GC invocations=33 (full 3):
 PSYoungGen      total 15360K, used 0K [0x00000000eab00000, 0x00000000ebd80000, 0x0000000100000000)
  eden space 14848K, 0% used [0x00000000eab00000,0x00000000eab00000,0x00000000eb980000)
  from space 512K, 0% used [0x00000000ebd00000,0x00000000ebd00000,0x00000000ebd80000)
  to   space 1024K, 0% used [0x00000000ebb80000,0x00000000ebb80000,0x00000000ebc80000)
 ParOldGen       total 68608K, used 45511K [0x00000000c0000000, 0x00000000c4300000, 0x00000000eab00000)
  object space 68608K, 66% used [0x00000000c0000000,0x00000000c2c71f78,0x00000000c4300000)
 Metaspace       used 58690K, committed 59776K, reserved 1114112K
  class space    used 6754K, committed 7296K, reserved 1048576K
}
Event: 9.980 GC heap before
{Heap before GC invocations=34 (full 3):
 PSYoungGen      total 15360K, used 14848K [0x00000000eab00000, 0x00000000ebd80000, 0x0000000100000000)
  eden space 14848K, 100% used [0x00000000eab00000,0x00000000eb980000,0x00000000eb980000)
  from space 512K, 0% used [0x00000000ebd00000,0x00000000ebd00000,0x00000000ebd80000)
  to   space 1024K, 0% used [0x00000000ebb80000,0x00000000ebb80000,0x00000000ebc80000)
 ParOldGen       total 68608K, used 45511K [0x00000000c0000000, 0x00000000c4300000, 0x00000000eab00000)
  object space 68608K, 66% used [0x00000000c0000000,0x00000000c2c71f78,0x00000000c4300000)
 Metaspace       used 60346K, committed 61440K, reserved 1114112K
  class space    used 6962K, committed 7488K, reserved 1048576K
}
Event: 9.983 GC heap after
{Heap after GC invocations=34 (full 3):
 PSYoungGen      total 15872K, used 640K [0x00000000eab00000, 0x00000000ebd80000, 0x0000000100000000)
  eden space 14848K, 0% used [0x00000000eab00000,0x00000000eab00000,0x00000000eb980000)
  from space 1024K, 62% used [0x00000000ebb80000,0x00000000ebc20000,0x00000000ebc80000)
  to   space 1024K, 0% used [0x00000000ebc80000,0x00000000ebc80000,0x00000000ebd80000)
 ParOldGen       total 68608K, used 45519K [0x00000000c0000000, 0x00000000c4300000, 0x00000000eab00000)
  object space 68608K, 66% used [0x00000000c0000000,0x00000000c2c73f78,0x00000000c4300000)
 Metaspace       used 60346K, committed 61440K, reserved 1114112K
  class space    used 6962K, committed 7488K, reserved 1048576K
}

