# JRE version: OpenJDK Runtime Environment Temurin-17.0.8.1+1 (17.0.8.1+1) (build 17.0.8.1+1)
# Java VM: OpenJDK 64-Bit Server VM Temurin-17.0.8.1+1 (17.0.8.1+1, mixed mode, tiered, compressed oops, compressed class ptrs, parallel gc, windows-amd64)
GC Precious Log:
 CPUs: 8 total, 8 available
 Memory: 7990M
 Large Page Support: Disabled
 NUMA Support: Disabled
 Compressed Oops: Enabled (32-bit)
 Alignments: Space 512K, Generation 512K, Heap 2M
 Heap Min Capacity: 100M
 Heap Initial Capacity: 100M
 Heap Max Capacity: 1G
 Pre-touch: Disabled
 Parallel Workers: 8
Heap:
 PSYoungGen      total 8192K, used 480K [0x00000000eab00000, 0x00000000eb780000, 0x0000000100000000)
  eden space 4096K, 0% used [0x00000000eab00000,0x00000000eab00000,0x00000000eaf00000)
  from space 4096K, 11% used [0x00000000eb380000,0x00000000eb3f8000,0x00000000eb780000)
  to   space 3072K, 0% used [0x00000000eb000000,0x00000000eb000000,0x00000000eb200000)
 ParOldGen       total 155136K, used 133230K [0x00000000c0000000, 0x00000000c9780000, 0x00000000eab00000)
  object space 155136K, 85% used [0x00000000c0000000,0x00000000c821bb50,0x00000000c9780000)
 Metaspace       used 92754K, committed 93952K, reserved 1179648K
  class space    used 9778K, committed 10304K, reserved 1048576K
GC Heap History (20 events):
Event: 300.551 GC heap before
{Heap before GC invocations=2141 (full 42):
 PSYoungGen      total 7168K, used 6436K [0x00000000eab00000, 0x00000000eb480000, 0x0000000100000000)
  eden space 5120K, 100% used [0x00000000eab00000,0x00000000eb000000,0x00000000eb000000)
  from space 2048K, 64% used [0x00000000eb100000,0x00000000eb249118,0x00000000eb300000)
  to   space 1536K, 0% used [0x00000000eb300000,0x00000000eb300000,0x00000000eb480000)
 ParOldGen       total 155136K, used 140522K [0x00000000c0000000, 0x00000000c9780000, 0x00000000eab00000)
  object space 155136K, 90% used [0x00000000c0000000,0x00000000c893a9b8,0x00000000c9780000)
 Metaspace       used 92744K, committed 93952K, reserved 1179648K
  class space    used 9778K, committed 10304K, reserved 1048576K
}
Event: 300.557 GC heap after
{Heap after GC invocations=2141 (full 42):
 PSYoungGen      total 7168K, used 864K [0x00000000eab00000, 0x00000000eb400000, 0x0000000100000000)
  eden space 6144K, 0% used [0x00000000eab00000,0x00000000eab00000,0x00000000eb100000)
  from space 1024K, 84% used [0x00000000eb300000,0x00000000eb3d8000,0x00000000eb400000)
  to   space 1536K, 0% used [0x00000000eb100000,0x00000000eb100000,0x00000000eb280000)
 ParOldGen       total 155136K, used 141670K [0x00000000c0000000, 0x00000000c9780000, 0x00000000eab00000)
  object space 155136K, 91% used [0x00000000c0000000,0x00000000c8a59ba0,0x00000000c9780000)
 Metaspace       used 92744K, committed 93952K, reserved 1179648K
  class space    used 9778K, committed 10304K, reserved 1048576K
}
Event: 300.579 GC heap before
{Heap before GC invocations=2142 (full 42):
 PSYoungGen      total 7168K, used 6981K [0x00000000eab00000, 0x00000000eb400000, 0x0000000100000000)
  eden space 6144K, 99% used [0x00000000eab00000,0x00000000eb0f96d0,0x00000000eb100000)
  from space 1024K, 84% used [0x00000000eb300000,0x00000000eb3d8000,0x00000000eb400000)
  to   space 1536K, 0% used [0x00000000eb100000,0x00000000eb100000,0x00000000eb280000)
 ParOldGen       total 155136K, used 141670K [0x00000000c0000000, 0x00000000c9780000, 0x00000000eab00000)
  object space 155136K, 91% used [0x00000000c0000000,0x00000000c8a59ba0,0x00000000c9780000)
 Metaspace       used 92744K, committed 93952K, reserved 1179648K
  class space    used 9778K, committed 10304K, reserved 1048576K
}
Event: 300.582 GC heap after
{Heap after GC invocations=2142 (full 42):
 PSYoungGen      total 7680K, used 816K [0x00000000eab00000, 0x00000000eb400000, 0x0000000100000000)
  eden space 6144K, 0% used [0x00000000eab00000,0x00000000eab00000,0x00000000eb100000)
  from space 1536K, 53% used [0x00000000eb100000,0x00000000eb1cc010,0x00000000eb280000)
  to   space 1024K, 0% used [0x00000000eb300000,0x00000000eb300000,0x00000000eb400000)
 ParOldGen       total 155136K, used 142430K [0x00000000c0000000, 0x00000000c9780000, 0x00000000eab00000)
  object space 155136K, 91% used [0x00000000c0000000,0x00000000c8b17ba0,0x00000000c9780000)
 Metaspace       used 92744K, committed 93952K, reserved 1179648K
  class space    used 9778K, committed 10304K, reserved 1048576K
}
Event: 300.616 GC heap before
{Heap before GC invocations=2143 (full 42):
 PSYoungGen      total 7680K, used 6959K [0x00000000eab00000, 0x00000000eb400000, 0x0000000100000000)
  eden space 6144K, 99% used [0x00000000eab00000,0x00000000eb0fffe8,0x00000000eb100000)
  from space 1536K, 53% used [0x00000000eb100000,0x00000000eb1cc010,0x00000000eb280000)
  to   space 1024K, 0% used [0x00000000eb300000,0x00000000eb300000,0x00000000eb400000)
 ParOldGen       total 155136K, used 142430K [0x00000000c0000000, 0x00000000c9780000, 0x00000000eab00000)
  object space 155136K, 91% used [0x00000000c0000000,0x00000000c8b17ba0,0x00000000c9780000)
 Metaspace       used 92749K, committed 93952K, reserved 1179648K
  class space    used 9778K, committed 10304K, reserved 1048576K
}
Event: 300.617 GC heap after
{Heap after GC invocations=2143 (full 42):
 PSYoungGen      total 7168K, used 1018K [0x00000000eab00000, 0x00000000eb600000, 0x0000000100000000)
  eden space 6144K, 0% used [0x00000000eab00000,0x00000000eab00000,0x00000000eb100000)
  from space 1024K, 99% used [0x00000000eb300000,0x00000000eb3feb00,0x00000000eb400000)
  to   space 2048K, 0% used [0x00000000eb100000,0x00000000eb100000,0x00000000eb300000)
 ParOldGen       total 155136K, used 143122K [0x00000000c0000000, 0x00000000c9780000, 0x00000000eab00000)
  object space 155136K, 92% used [0x00000000c0000000,0x00000000c8bc4938,0x00000000c9780000)
 Metaspace       used 92749K, committed 93952K, reserved 1179648K
  class space    used 9778K, committed 10304K, reserved 1048576K
}
Event: 300.677 GC heap before
{Heap before GC invocations=2144 (full 42):
 PSYoungGen      total 7168K, used 7162K [0x00000000eab00000, 0x00000000eb600000, 0x0000000100000000)
  eden space 6144K, 99% used [0x00000000eab00000,0x00000000eb0ffff8,0x00000000eb100000)
  from space 1024K, 99% used [0x00000000eb300000,0x00000000eb3feb00,0x00000000eb400000)
  to   space 2048K, 0% used [0x00000000eb100000,0x00000000eb100000,0x00000000eb300000)
 ParOldGen       total 155136K, used 143122K [0x00000000c0000000, 0x00000000c9780000, 0x00000000eab00000)
  object space 155136K, 92% used [0x00000000c0000000,0x00000000c8bc4938,0x00000000c9780000)
 Metaspace       used 92750K, committed 93952K, reserved 1179648K
  class space    used 9778K, committed 10304K, reserved 1048576K
}
Event: 300.680 GC heap after
{Heap after GC invocations=2144 (full 42):
 PSYoungGen      total 8192K, used 1598K [0x00000000eab00000, 0x00000000eb500000, 0x0000000100000000)
  eden space 6144K, 0% used [0x00000000eab00000,0x00000000eab00000,0x00000000eb100000)
  from space 2048K, 78% used [0x00000000eb100000,0x00000000eb28fab0,0x00000000eb300000)
  to   space 2048K, 0% used [0x00000000eb300000,0x00000000eb300000,0x00000000eb500000)
 ParOldGen       total 155136K, used 143912K [0x00000000c0000000, 0x00000000c9780000, 0x00000000eab00000)
  object space 155136K, 92% used [0x00000000c0000000,0x00000000c8c8a018,0x00000000c9780000)
 Metaspace       used 92750K, committed 93952K, reserved 1179648K
  class space    used 9778K, committed 10304K, reserved 1048576K
}
Event: 300.709 GC heap before
{Heap before GC invocations=2145 (full 42):
 PSYoungGen      total 8192K, used 7742K [0x00000000eab00000, 0x00000000eb500000, 0x0000000100000000)
  eden space 6144K, 99% used [0x00000000eab00000,0x00000000eb0ffff8,0x00000000eb100000)
  from space 2048K, 78% used [0x00000000eb100000,0x00000000eb28fab0,0x00000000eb300000)
  to   space 2048K, 0% used [0x00000000eb300000,0x00000000eb300000,0x00000000eb500000)
 ParOldGen       total 155136K, used 143912K [0x00000000c0000000, 0x00000000c9780000, 0x00000000eab00000)
  object space 155136K, 92% used [0x00000000c0000000,0x00000000c8c8a018,0x00000000c9780000)
 Metaspace       used 92752K, committed 93952K, reserved 1179648K
  class space    used 9778K, committed 10304K, reserved 1048576K
}
Event: 300.713 GC heap after
{Heap after GC invocations=2145 (full 42):
 PSYoungGen      total 5632K, used 2029K [0x00000000eab00000, 0x00000000eba00000, 0x0000000100000000)
  eden space 3584K, 0% used [0x00000000eab00000,0x00000000eab00000,0x00000000eae80000)
  from space 2048K, 99% used [0x00000000eb300000,0x00000000eb4fb798,0x00000000eb500000)
  to   space 4608K, 0% used [0x00000000eae80000,0x00000000eae80000,0x00000000eb300000)
 ParOldGen       total 155136K, used 145899K [0x00000000c0000000, 0x00000000c9780000, 0x00000000eab00000)
  object space 155136K, 94% used [0x00000000c0000000,0x00000000c8e7ada0,0x00000000c9780000)
 Metaspace       used 92752K, committed 93952K, reserved 1179648K
  class space    used 9778K, committed 10304K, reserved 1048576K
}
Event: 300.731 GC heap before
{Heap before GC invocations=2146 (full 42):
 PSYoungGen      total 5632K, used 5613K [0x00000000eab00000, 0x00000000eba00000, 0x0000000100000000)
  eden space 3584K, 100% used [0x00000000eab00000,0x00000000eae80000,0x00000000eae80000)
  from space 2048K, 99% used [0x00000000eb300000,0x00000000eb4fb798,0x00000000eb500000)
  to   space 4608K, 0% used [0x00000000eae80000,0x00000000eae80000,0x00000000eb300000)
 ParOldGen       total 155136K, used 145899K [0x00000000c0000000, 0x00000000c9780000, 0x00000000eab00000)
  object space 155136K, 94% used [0x00000000c0000000,0x00000000c8e7ada0,0x00000000c9780000)
 Metaspace       used 92752K, committed 93952K, reserved 1179648K
  class space    used 9778K, committed 10304K, reserved 1048576K
}
Event: 300.733 GC heap after
{Heap after GC invocations=2146 (full 42):
 PSYoungGen      total 7168K, used 3584K [0x00000000eab00000, 0x00000000eb680000, 0x0000000100000000)
  eden space 3584K, 0% used [0x00000000eab00000,0x00000000eab00000,0x00000000eae80000)
  from space 3584K, 100% used [0x00000000eae80000,0x00000000eb200000,0x00000000eb200000)
  to   space 4096K, 0% used [0x00000000eb280000,0x00000000eb280000,0x00000000eb680000)
 ParOldGen       total 155136K, used 147969K [0x00000000c0000000, 0x00000000c9780000, 0x00000000eab00000)
  object space 155136K, 95% used [0x00000000c0000000,0x00000000c9080538,0x00000000c9780000)
 Metaspace       used 92752K, committed 93952K, reserved 1179648K
  class space    used 9778K, committed 10304K, reserved 1048576K
}
Event: 300.754 GC heap before
{Heap before GC invocations=2147 (full 42):
 PSYoungGen      total 7168K, used 7168K [0x00000000eab00000, 0x00000000eb680000, 0x0000000100000000)
  eden space 3584K, 100% used [0x00000000eab00000,0x00000000eae80000,0x00000000eae80000)
  from space 3584K, 100% used [0x00000000eae80000,0x00000000eb200000,0x00000000eb200000)
  to   space 4096K, 0% used [0x00000000eb280000,0x00000000eb280000,0x00000000eb680000)
 ParOldGen       total 155136K, used 147969K [0x00000000c0000000, 0x00000000c9780000, 0x00000000eab00000)
  object space 155136K, 95% used [0x00000000c0000000,0x00000000c9080538,0x00000000c9780000)
 Metaspace       used 92752K, committed 93952K, reserved 1179648K
  class space    used 9778K, committed 10304K, reserved 1048576K
}
Event: 300.760 GC heap after
{Heap after GC invocations=2147 (full 42):
 PSYoungGen      total 7680K, used 3648K [0x00000000eab00000, 0x00000000eb780000, 0x0000000100000000)
  eden space 3584K, 0% used [0x00000000eab00000,0x00000000eab00000,0x00000000eae80000)
  from space 4096K, 89% used [0x00000000eb280000,0x00000000eb610000,0x00000000eb680000)
  to   space 4096K, 0% used [0x00000000eae80000,0x00000000eae80000,0x00000000eb280000)
 ParOldGen       total 155136K, used 151441K [0x00000000c0000000, 0x00000000c9780000, 0x00000000eab00000)
  object space 155136K, 97% used [0x00000000c0000000,0x00000000c93e4538,0x00000000c9780000)
 Metaspace       used 92752K, committed 93952K, reserved 1179648K
  class space    used 9778K, committed 10304K, reserved 1048576K
}
Event: 300.760 GC heap before
{Heap before GC invocations=2148 (full 43):
 PSYoungGen      total 7680K, used 3648K [0x00000000eab00000, 0x00000000eb780000, 0x0000000100000000)
  eden space 3584K, 0% used [0x00000000eab00000,0x00000000eab00000,0x00000000eae80000)
  from space 4096K, 89% used [0x00000000eb280000,0x00000000eb610000,0x00000000eb680000)
  to   space 4096K, 0% used [0x00000000eae80000,0x00000000eae80000,0x00000000eb280000)
 ParOldGen       total 155136K, used 151441K [0x00000000c0000000, 0x00000000c9780000, 0x00000000eab00000)
  object space 155136K, 97% used [0x00000000c0000000,0x00000000c93e4538,0x00000000c9780000)
 Metaspace       used 92752K, committed 93952K, reserved 1179648K
  class space    used 9778K, committed 10304K, reserved 1048576K
}
Event: 300.932 GC heap after
{Heap after GC invocations=2148 (full 43):
 PSYoungGen      total 7680K, used 0K [0x00000000eab00000, 0x00000000eb700000, 0x0000000100000000)
  eden space 3584K, 0% used [0x00000000eab00000,0x00000000eab00000,0x00000000eae80000)
  from space 4096K, 0% used [0x00000000eae80000,0x00000000eae80000,0x00000000eb280000)
  to   space 4096K, 0% used [0x00000000eb300000,0x00000000eb300000,0x00000000eb700000)
 ParOldGen       total 155136K, used 129640K [0x00000000c0000000, 0x00000000c9780000, 0x00000000eab00000)
  object space 155136K, 83% used [0x00000000c0000000,0x00000000c7e9a0c0,0x00000000c9780000)
 Metaspace       used 92752K, committed 93952K, reserved 1179648K
  class space    used 9778K, committed 10304K, reserved 1048576K
}
Event: 300.966 GC heap before
{Heap before GC invocations=2149 (full 43):
 PSYoungGen      total 7680K, used 3584K [0x00000000eab00000, 0x00000000eb700000, 0x0000000100000000)
  eden space 3584K, 100% used [0x00000000eab00000,0x00000000eae80000,0x00000000eae80000)
  from space 4096K, 0% used [0x00000000eae80000,0x00000000eae80000,0x00000000eb280000)
  to   space 4096K, 0% used [0x00000000eb300000,0x00000000eb300000,0x00000000eb700000)
 ParOldGen       total 155136K, used 129640K [0x00000000c0000000, 0x00000000c9780000, 0x00000000eab00000)
  object space 155136K, 83% used [0x00000000c0000000,0x00000000c7e9a0c0,0x00000000c9780000)
 Metaspace       used 92754K, committed 93952K, reserved 1179648K
  class space    used 9778K, committed 10304K, reserved 1048576K
}
Event: 300.969 GC heap after
{Heap after GC invocations=2149 (full 43):
 PSYoungGen      total 6144K, used 2014K [0x00000000eab00000, 0x00000000eb500000, 0x0000000100000000)
  eden space 4096K, 0% used [0x00000000eab00000,0x00000000eab00000,0x00000000eaf00000)
  from space 2048K, 98% used [0x00000000eb300000,0x00000000eb4f7a90,0x00000000eb500000)
  to   space 3072K, 0% used [0x00000000eaf00000,0x00000000eaf00000,0x00000000eb200000)
 ParOldGen       total 155136K, used 129640K [0x00000000c0000000, 0x00000000c9780000, 0x00000000eab00000)
  object space 155136K, 83% used [0x00000000c0000000,0x00000000c7e9a0c0,0x00000000c9780000)
 Metaspace       used 92754K, committed 93952K, reserved 1179648K
  class space    used 9778K, committed 10304K, reserved 1048576K
}
Event: 301.029 GC heap before
{Heap before GC invocations=2150 (full 43):
 PSYoungGen      total 6144K, used 6110K [0x00000000eab00000, 0x00000000eb500000, 0x0000000100000000)
  eden space 4096K, 99% used [0x00000000eab00000,0x00000000eaeffff0,0x00000000eaf00000)
  from space 2048K, 98% used [0x00000000eb300000,0x00000000eb4f7a90,0x00000000eb500000)
  to   space 3072K, 0% used [0x00000000eaf00000,0x00000000eaf00000,0x00000000eb200000)
 ParOldGen       total 155136K, used 129640K [0x00000000c0000000, 0x00000000c9780000, 0x00000000eab00000)
  object space 155136K, 83% used [0x00000000c0000000,0x00000000c7e9a0c0,0x00000000c9780000)
 Metaspace       used 92754K, committed 93952K, reserved 1179648K
  class space    used 9778K, committed 10304K, reserved 1048576K
}
Event: 301.033 GC heap after
{Heap after GC invocations=2150 (full 43):
 PSYoungGen      total 7168K, used 3070K [0x00000000eab00000, 0x00000000eb780000, 0x0000000100000000)
  eden space 4096K, 0% used [0x00000000eab00000,0x00000000eab00000,0x00000000eaf00000)
  from space 3072K, 99% used [0x00000000eaf00000,0x00000000eb1ffa90,0x00000000eb200000)
  to   space 4096K, 0% used [0x00000000eb380000,0x00000000eb380000,0x00000000eb780000)
 ParOldGen       total 155136K, used 130128K [0x00000000c0000000, 0x00000000c9780000, 0x00000000eab00000)
  object space 155136K, 83% used [0x00000000c0000000,0x00000000c7f140c0,0x00000000c9780000)
 Metaspace       used 92754K, committed 93952K, reserved 1179648K
  class space    used 9778K, committed 10304K, reserved 1048576K
}

